c:\users\foxbl\desktop\a-mbush\ambush\x64\debug\astar ambush threading.lib
c:\users\foxbl\desktop\a-mbush\ambush\x64\debug\astar ambush threading.exp
c:\users\foxbl\desktop\a-mbush\ambush\astar ambush threading\x64\debug\vc141.pdb
c:\users\foxbl\desktop\a-mbush\ambush\astar ambush threading\x64\debug\vc141.idb
c:\users\foxbl\desktop\a-mbush\ambush\astar ambush threading\x64\debug\arc.obj
c:\users\foxbl\desktop\a-mbush\ambush\astar ambush threading\x64\debug\astar.obj
c:\users\foxbl\desktop\a-mbush\ambush\astar ambush threading\x64\debug\enemy.obj
c:\users\foxbl\desktop\a-mbush\ambush\astar ambush threading\x64\debug\enemytype.obj
c:\users\foxbl\desktop\a-mbush\ambush\astar ambush threading\x64\debug\entity.obj
c:\users\foxbl\desktop\a-mbush\ambush\astar ambush threading\x64\debug\inputhandler.obj
c:\users\foxbl\desktop\a-mbush\ambush\astar ambush threading\x64\debug\main.obj
c:\users\foxbl\desktop\a-mbush\ambush\astar ambush threading\x64\debug\node.obj
c:\users\foxbl\desktop\a-mbush\ambush\astar ambush threading\x64\debug\nodegrid.obj
c:\users\foxbl\desktop\a-mbush\ambush\astar ambush threading\x64\debug\player.obj
c:\users\foxbl\desktop\a-mbush\ambush\astar ambush threading\x64\debug\tile.obj
c:\users\foxbl\desktop\a-mbush\ambush\astar ambush threading\x64\debug\world.obj
c:\users\foxbl\desktop\a-mbush\ambush\x64\debug\astar ambush threading.exe
c:\users\foxbl\desktop\a-mbush\ambush\x64\debug\astar ambush threading.ilk
c:\users\foxbl\desktop\a-mbush\ambush\x64\debug\astar ambush threading.pdb
c:\users\foxbl\desktop\a-mbush\ambush\astar ambush threading\x64\debug\astar am.24d7c414.tlog\astar ambush threading.write.1u.tlog
c:\users\foxbl\desktop\a-mbush\ambush\astar ambush threading\x64\debug\astar am.24d7c414.tlog\cl.command.1.tlog
c:\users\foxbl\desktop\a-mbush\ambush\astar ambush threading\x64\debug\astar am.24d7c414.tlog\cl.read.1.tlog
c:\users\foxbl\desktop\a-mbush\ambush\astar ambush threading\x64\debug\astar am.24d7c414.tlog\cl.write.1.tlog
c:\users\foxbl\desktop\a-mbush\ambush\astar ambush threading\x64\debug\astar am.24d7c414.tlog\link.command.1.tlog
c:\users\foxbl\desktop\a-mbush\ambush\astar ambush threading\x64\debug\astar am.24d7c414.tlog\link.read.1.tlog
c:\users\foxbl\desktop\a-mbush\ambush\astar ambush threading\x64\debug\astar am.24d7c414.tlog\link.write.1.tlog
