  main.cpp
c:\users\foxbl\desktop\a-mbush\astar ambush threading\astar ambush threading\main.cpp(40): warning C4244: '=': conversion from 'Uint32' to 'float', possible loss of data
c:\users\foxbl\desktop\a-mbush\astar ambush threading\astar ambush threading\main.cpp(71): warning C4477: 'printf' : format string '%s' requires an argument of type 'char *', but variadic argument 1 has type 'void *'
c:\users\foxbl\desktop\a-mbush\astar ambush threading\astar ambush threading\main.cpp(89): warning C4477: 'printf' : format string '%s' requires an argument of type 'char *', but variadic argument 1 has type 'void *'
c:\users\foxbl\desktop\a-mbush\astar ambush threading\astar ambush threading\main.cpp(99): warning C4477: 'printf' : format string '%s' requires an argument of type 'char *', but variadic argument 1 has type 'void *'
c:\users\foxbl\desktop\a-mbush\astar ambush threading\astar ambush threading\main.cpp(106): warning C4477: 'printf' : format string '%s' requires an argument of type 'char *', but variadic argument 1 has type 'void *'
  World.cpp
c:\users\foxbl\desktop\a-mbush\astar ambush threading\astar ambush threading\world.cpp(132): warning C4267: 'return': conversion from 'size_t' to 'int', possible loss of data
  Tile.cpp
  Player.cpp
c:\users\foxbl\desktop\a-mbush\astar ambush threading\astar ambush threading\player.cpp(27): warning C4244: '-=': conversion from 'float' to 'int', possible loss of data
c:\users\foxbl\desktop\a-mbush\astar ambush threading\astar ambush threading\player.cpp(31): warning C4244: '+=': conversion from 'float' to 'int', possible loss of data
c:\users\foxbl\desktop\a-mbush\astar ambush threading\astar ambush threading\player.cpp(35): warning C4244: '-=': conversion from 'float' to 'int', possible loss of data
c:\users\foxbl\desktop\a-mbush\astar ambush threading\astar ambush threading\player.cpp(39): warning C4244: '+=': conversion from 'float' to 'int', possible loss of data
  Node.cpp
c:\users\foxbl\desktop\a-mbush\astar ambush threading\astar ambush threading\node.cpp(31): warning C4244: 'return': conversion from 'double' to 'float', possible loss of data
  Entity.cpp
  EnemyType.cpp
  Enemy.cpp
  Generating Code...
  AStar Ambush Threading.vcxproj -> C:\Users\foxbl\Desktop\A-mbush\AStar Ambush Threading\x64\Debug\AStar Ambush Threading.exe
